[debug] ----------------------------------------------------------------------
[debug] Command:      C:\Program Files\nodejs\node.exe C:\Users\phegde\AppData\Roaming\npm\node_modules\firebase-tools\bin\firebase serve
[debug] CLI Version:  3.2.1
[debug] Platform:     win32
[debug] Node Version: v4.5.0
[debug] Time:         Tue Jan 03 2017 11:43:09 GMT-0500 (Eastern Standard Time)
[debug] ----------------------------------------------------------------------
[debug] 
[info] Starting Firebase development server...
[info] 
[info] Project Directory: C:\Users\phegde\Firebase\UploadCSV
[info] Public Directory: public
[info] 
[info] Server listening at: http://localhost:5000
[debug] ----------------------------------------------------------------------
[debug] Command:      C:\Program Files\nodejs\node.exe C:\Users\phegde\AppData\Roaming\npm\node_modules\firebase-tools\bin\firebase serve
[debug] CLI Version:  3.2.1
[debug] Platform:     win32
[debug] Node Version: v4.5.0
[debug] Time:         Tue Jan 03 2017 12:16:03 GMT-0500 (Eastern Standard Time)
[debug] ----------------------------------------------------------------------
[debug] 
[info] Starting Firebase development server...
[info] 
[info] Project Directory: C:\Users\phegde\Firebase\CSVUpload
[info] Public Directory: public
[info] 
[info] Server listening at: http://localhost:5000
